# timestamp | duration | file | instruction | dir | modtime | etag | size | fileId | status | errorString | http result code | other size | other modtime | other etag | other fileId | other instruction
#=#=#=# Syncrun started  until  (0 msec)
15:42:34|5014|connect.php|INST_NEW|Up|1486749305||340||4||201|0|0|||INST_NONE|
15:42:34|4324|css|INST_NEW|Up|1486724789||0||4||201|0|0|||INST_NONE|
15:42:39|4318|css/bootstrap-theme.css|INST_NEW|Up|1469454808||26132||4||201|0|0|||INST_NONE|
15:42:40|3701|css/bootstrap-theme.css.map|INST_NEW|Up|1469454808||47706||4||201|0|0|||INST_NONE|
15:42:40|3222|css/bootstrap-theme.min.css|INST_NEW|Up|1469454808||23409||4||201|0|0|||INST_NONE|
15:42:43|2596|css/bootstrap-theme.min.css.map|INST_NEW|Up|1469454808||25648||4||201|0|0|||INST_NONE|
15:42:44|1299|css/bootstrap.css|INST_NEW|Up|1469454808||146010||4||201|0|0|||INST_NONE|
15:42:44|4238|css/bootstrap.css.map|INST_NEW|Up|1469454808||389287||4||201|0|0|||INST_NONE|
15:42:45|2303|css/bootstrap.min.css|INST_NEW|Up|1469454808||121200||4||201|0|0|||INST_NONE|
15:42:46|4443|css/bootstrap.min.css.map|INST_NEW|Up|1469454808||542194||4||201|0|0|||INST_NONE|
15:42:34|1025|fonts|INST_NEW|Up|1486724788||0||4||201|0|0|||INST_NONE|
15:42:36|1804|fonts/glyphicons-halflings-regular.eot|INST_NEW|Up|1469446982||20127||4||201|0|0|||INST_NONE|
15:42:38|2501|fonts/glyphicons-halflings-regular.svg|INST_NEW|Up|1469446982||108738||4||201|0|0|||INST_NONE|
15:42:47|1794|fonts/glyphicons-halflings-regular.ttf|INST_NEW|Up|1469446982||45404||4||201|0|0|||INST_NONE|
15:42:48|5947|fonts/glyphicons-halflings-regular.woff|INST_NEW|Up|1469446982||23424||4||201|0|0|||INST_NONE|
15:42:49|2288|fonts/glyphicons-halflings-regular.woff2|INST_NEW|Up|1469446982||18028||4||201|0|0|||INST_NONE|
15:42:34|5421|header.php|INST_NEW|Up|1486747940||1479||4||201|0|0|||INST_NONE|
15:42:34|1910|index.php|INST_NEW|Up|1486760308||2419||4||201|0|0|||INST_NONE|
15:42:50|5823|js|INST_NEW|Up|1486724788||0||4||201|0|0|||INST_NONE|
15:42:57|1114|js/bootstrap.js|INST_NEW|Up|1469454808||69707||4||201|0|0|||INST_NONE|
15:42:57|4280|js/bootstrap.min.js|INST_NEW|Up|1469454810||37045||4||201|0|0|||INST_NONE|
15:42:58|5999|js/npm.js|INST_NEW|Up|1469454810||484||4||201|0|0|||INST_NONE|
15:42:50|8739|logged_in.php|INST_NEW|Up|1486759637||250||4||201|0|0|||INST_NONE|
15:42:51|5958|login.php|INST_NEW|Up|1486759317||930||4||201|0|0|||INST_NONE|
15:42:54|2218|logout.php|INST_NEW|Up|1486759735||106||4||201|0|0|||INST_NONE|
15:42:56|1004|register.php|INST_NEW|Up|1486747948||2343||4||201|0|0|||INST_NONE|
15:42:59|1112|registration.php|INST_NEW|Up|1486750253||538||4||201|0|0|||INST_NONE|
15:43:00|3300|session.php|INST_NEW|Up|1486759618||390||4||201|0|0|||INST_NONE|
15:43:02|1224|stylesheet.css|INST_NEW|Up|1486726037||33||4||201|0|0|||INST_NONE|
#=#=#=# Syncrun started  until  (0 msec)
#=#=#=# Syncrun started  until  (0 msec)
#=#=#=# Syncrun started  until  (0 msec)
#=#=#=# Syncrun started  until  (0 msec)
11:22:44|558|register.php|INST_SYNC|Down|1487324123|47258c64095b8a33885696ffe5d99b25|2809|00001845ocgidxhrcnyv|4||0|2343|1486747948|||INST_NONE|
11:22:44|1007|registration.php|INST_SYNC|Down|1487324029|9f82872abfbf77cb91ce607ae67c52b7|414|00001848ocgidxhrcnyv|4||0|538|1486750253|||INST_NONE|
#=#=#=# Syncrun started  until  (0 msec)
#=#=#=# Syncrun started  until  (0 msec)
#=#=#=# Syncrun started  until  (0 msec)
#=#=#=# Syncrun started  until  (0 msec)
#=#=#=# Syncrun started  until  (0 msec)
#=#=#=# Syncrun started  until  (0 msec)
#=#=#=# Syncrun started  until  (0 msec)
#=#=#=# Syncrun started  until  (0 msec)
#=#=#=# Syncrun started  until  (0 msec)
#=#=#=# Syncrun started  until  (0 msec)
#=#=#=# Syncrun started  until  (0 msec)
#=#=#=# Syncrun started  until  (0 msec)
#=#=#=# Syncrun started  until  (0 msec)
#=#=#=# Syncrun started  until  (0 msec)
#=#=#=# Syncrun started  until  (0 msec)
#=#=#=# Syncrun started  until  (0 msec)
#=#=#=# Syncrun started  until  (0 msec)
#=#=#=# Syncrun started  until  (0 msec)
#=#=#=# Syncrun started  until  (0 msec)
#=#=#=# Syncrun started  until  (0 msec)
#=#=#=# Syncrun started  until  (0 msec)
#=#=#=# Syncrun started  until  (0 msec)
#=#=#=# Syncrun started  until  (0 msec)
#=#=#=# Syncrun started  until  (0 msec)
#=#=#=# Syncrun started  until  (0 msec)
#=#=#=# Syncrun started  until  (0 msec)
#=#=#=# Syncrun started  until  (0 msec)
#=#=#=# Syncrun started  until  (0 msec)
#=#=#=# Syncrun started  until  (0 msec)
#=#=#=# Syncrun started  until  (0 msec)
#=#=#=# Syncrun started  until  (0 msec)
#=#=#=# Syncrun started  until  (0 msec)
#=#=#=# Syncrun started  until  (0 msec)
#=#=#=# Syncrun started  until  (0 msec)
#=#=#=# Syncrun started  until  (0 msec)
#=#=#=# Syncrun started  until  (0 msec)
#=#=#=# Syncrun started  until  (0 msec)
#=#=#=# Syncrun started  until  (0 msec)
#=#=#=# Syncrun started  until  (0 msec)
#=#=#=# Syncrun started  until  (0 msec)
#=#=#=# Syncrun started  until  (0 msec)
#=#=#=# Syncrun started  until  (0 msec)
#=#=#=# Syncrun started  until  (0 msec)
#=#=#=# Syncrun started  until  (0 msec)
#=#=#=# Syncrun started  until  (0 msec)
#=#=#=# Syncrun started  until  (0 msec)
#=#=#=# Syncrun started  until  (0 msec)
#=#=#=# Syncrun started  until  (0 msec)
#=#=#=# Syncrun started  until  (0 msec)
#=#=#=# Syncrun started  until  (0 msec)
#=#=#=# Syncrun started  until  (0 msec)
#=#=#=# Syncrun started  until  (0 msec)
#=#=#=# Syncrun started  until  (0 msec)
#=#=#=# Syncrun started  until  (0 msec)
#=#=#=# Syncrun started  until  (0 msec)
#=#=#=# Syncrun started  until  (0 msec)
#=#=#=# Syncrun started  until  (0 msec)
#=#=#=# Syncrun started  until  (0 msec)
#=#=#=# Syncrun started  until  (0 msec)
#=#=#=# Syncrun started  until  (0 msec)
#=#=#=# Syncrun started  until  (0 msec)
#=#=#=# Syncrun started  until  (0 msec)
#=#=#=# Syncrun started  until  (0 msec)
#=#=#=# Syncrun started  until  (0 msec)
#=#=#=# Syncrun started  until  (0 msec)
#=#=#=# Syncrun started  until  (0 msec)
#=#=#=# Syncrun started  until  (0 msec)
#=#=#=# Syncrun started  until  (0 msec)
#=#=#=# Syncrun started  until  (0 msec)
#=#=#=# Syncrun started  until  (0 msec)
#=#=#=# Syncrun started  until  (0 msec)
#=#=#=# Syncrun started  until  (0 msec)
#=#=#=# Syncrun started  until  (0 msec)
#=#=#=# Syncrun started  until  (0 msec)
#=#=#=# Syncrun started  until  (0 msec)
#=#=#=# Syncrun started  until  (0 msec)
#=#=#=# Syncrun started  until  (0 msec)
#=#=#=# Syncrun started  until  (0 msec)
#=#=#=# Syncrun started  until  (0 msec)
#=#=#=# Syncrun started  until  (0 msec)
#=#=#=# Syncrun started  until  (0 msec)
#=#=#=# Syncrun started  until  (0 msec)
#=#=#=# Syncrun started  until  (0 msec)
#=#=#=# Syncrun started  until  (0 msec)
#=#=#=# Syncrun started  until  (0 msec)
#=#=#=# Syncrun started  until  (0 msec)
#=#=#=# Syncrun started  until  (0 msec)
#=#=#=# Syncrun started  until  (0 msec)
#=#=#=# Syncrun started  until  (0 msec)
#=#=#=# Syncrun started  until  (0 msec)
#=#=#=# Syncrun started  until  (0 msec)
#=#=#=# Syncrun started  until  (0 msec)
#=#=#=# Syncrun started  until  (0 msec)
#=#=#=# Syncrun started  until  (0 msec)
#=#=#=# Syncrun started  until  (0 msec)
#=#=#=# Syncrun started  until  (0 msec)
